<?xml version="1.0" encoding="UTF-8"?>
<testng-results skipped="0" failed="0" ignored="0" total="1" passed="1">
  <reporter-output>
  </reporter-output>
  <suite name="Default suite" duration-ms="85132" started-at="2019-06-19T04:20:02Z" finished-at="2019-06-19T04:21:27Z">
    <groups>
    </groups>
    <test name="Default test" duration-ms="85132" started-at="2019-06-19T04:20:02Z" finished-at="2019-06-19T04:21:27Z">
      <class name="Test.TestFlight">
        <test-method status="PASS" signature="pruebaFligth()[pri:0, instance:Test.TestFlight@14acaea5]" name="pruebaFligth" duration-ms="85102" started-at="2019-06-19T04:20:02Z" finished-at="2019-06-19T04:21:27Z">
          <reporter-output>
          </reporter-output>
        </test-method> <!-- pruebaFligth -->
      </class> <!-- Test.TestFlight -->
    </test> <!-- Default test -->
  </suite> <!-- Default suite -->
</testng-results>
